[debug] [2021-10-06T09:10:03.298Z] ----------------------------------------------------------------------
[debug] [2021-10-06T09:10:03.311Z] Command:       C:\Program Files\nodejs\node.exe C:\Users\APURVA\AppData\Roaming\npm\node_modules\firebase-tools\lib\bin\firebase.js init
[debug] [2021-10-06T09:10:03.312Z] CLI Version:   9.19.0
[debug] [2021-10-06T09:10:03.313Z] Platform:      win32
[debug] [2021-10-06T09:10:03.314Z] Node Version:  v14.15.4
[debug] [2021-10-06T09:10:03.319Z] Time:          Wed Oct 06 2021 14:40:03 GMT+0530 (India Standard Time)
[debug] [2021-10-06T09:10:03.320Z] ----------------------------------------------------------------------
[debug] 
[debug] [2021-10-06T09:10:03.357Z] > command requires scopes: ["email","openid","https://www.googleapis.com/auth/cloudplatformprojects.readonly","https://www.googleapis.com/auth/firebase","https://www.googleapis.com/auth/cloud-platform"]
[debug] [2021-10-06T09:10:03.358Z] > authorizing via signed-in user (avp2798@gmail.com)
[info] 
     ######## #### ########  ######## ########     ###     ######  ########
     ##        ##  ##     ## ##       ##     ##  ##   ##  ##       ##
     ######    ##  ########  ######   ########  #########  ######  ######
     ##        ##  ##    ##  ##       ##     ## ##     ##       ## ##
     ##       #### ##     ## ######## ########  ##     ##  ######  ########

You're about to initialize a Firebase project in this directory:

  E:\reactprojects\amazonclone

[info] 
=== Project Setup
[info] 
[info] First, let's associate this project directory with a Firebase project.
[info] You can create multiple project aliases by running firebase use --add, 
[info] but for now we'll just set up a default project.
[info] 
[debug] [2021-10-06T09:11:01.600Z] >>> [apiv2][query] GET https://firebase.googleapis.com/v1beta1/projects pageSize=100
[debug] [2021-10-06T09:11:02.621Z] <<< [apiv2][status] GET https://firebase.googleapis.com/v1beta1/projects 200
[debug] [2021-10-06T09:11:02.622Z] <<< [apiv2][body] GET https://firebase.googleapis.com/v1beta1/projects [omitted]
[info] i  Using project clone-eaffb (amazonclone) 
[info] 
=== Hosting Setup
[info] 
[info] Your public directory is the folder (relative to your project directory) that
[info] will contain Hosting assets to be uploaded with firebase deploy. If you
[info] have a build process for your assets, use your build's output directory.
[info] 
[debug] [2021-10-06T09:12:27.195Z] >>> [apiv2][query] GET https://www.gstatic.com/firebasejs/releases.json [none]
[debug] [2021-10-06T09:12:27.459Z] <<< [apiv2][status] GET https://www.gstatic.com/firebasejs/releases.json 200
[debug] [2021-10-06T09:12:27.462Z] <<< [apiv2][body] GET https://www.gstatic.com/firebasejs/releases.json {"current":{"version":"9.1.1","browserURL":"https://www.gstatic.com/firebasejs/9.1.1/firebase.js","packageURL":"https://www.gstatic.com/firebasejs/9.1.1/firebase.tgz"},"live":{"version":"9.1","browserURL":"https://www.gstatic.com/firebasejs/live/9.1/firebase.js","packageURL":"https://www.gstatic.com/firebasejs/live/9.1/firebase.tgz"},"components":{"analytics":"https://www.gstatic.com/firebasejs/9.1.1/firebase-analytics.js","app":"https://www.gstatic.com/firebasejs/9.1.1/firebase-app.js","app-check":"https://www.gstatic.com/firebasejs/9.1.1/firebase-app-check.js","auth":"https://www.gstatic.com/firebasejs/9.1.1/firebase-auth.js","auth/cordova":"https://www.gstatic.com/firebasejs/9.1.1/firebase-auth/cordova.js","auth/react-native":"https://www.gstatic.com/firebasejs/9.1.1/firebase-auth/react-native.js","functions":"https://www.gstatic.com/firebasejs/9.1.1/firebase-functions.js","firestore":"https://www.gstatic.com/firebasejs/9.1.1/firebase-firestore.js","firestore/lite":"https://www.gstatic.com/firebasejs/9.1.1/firebase-firestore/lite.js","storage":"https://www.gstatic.com/firebasejs/9.1.1/firebase-storage.js","performance":"https://www.gstatic.com/firebasejs/9.1.1/firebase-performance.js","remote-config":"https://www.gstatic.com/firebasejs/9.1.1/firebase-remote-config.js","messaging":"https://www.gstatic.com/firebasejs/9.1.1/firebase-messaging.js","messaging/sw":"https://www.gstatic.com/firebasejs/9.1.1/firebase-messaging/sw.js","database":"https://www.gstatic.com/firebasejs/9.1.1/firebase-database.js","firestore.memory":"https://www.gstatic.com/firebasejs/9.1.1/firebase-firestore.memory.js"}}
[info] +  Wrote build/index.html 
[info] 
[info] i  Detected a .git folder at E:\reactprojects\amazonclone 
[info] i  Authorizing with GitHub to upload your service account to a GitHub repository's secrets store. 
[info] 
[info] Visit this URL on this device to log in:
[info] https://github.com/login/oauth/authorize?client_id=89cf50f02ac6aaed3484&state=670476725&redirect_uri=http%3A%2F%2Flocalhost%3A9005&scope=read%3Auser%20repo%20public_repo
[info] 
[info] Waiting for authentication...
[debug] [2021-10-06T09:13:26.887Z] >>> HTTP REQUEST POST https://github.com/login/oauth/access_token  
 {"client_id":"89cf50f02ac6aaed3484","client_secret":"3330d14abc895d9a74d5f17cd7a00711fa2c5bf0","code":"85db7317f304e0189b3a","redirect_uri":"http://localhost:9005","state":"670476725"}
[debug] [2021-10-06T09:13:27.740Z] <<< HTTP RESPONSE 200 {"server":"GitHub.com","date":"Wed, 06 Oct 2021 09:13:27 GMT","content-type":"application/json; charset=utf-8","transfer-encoding":"chunked","vary":"X-PJAX, X-PJAX-Container, Accept-Encoding, Accept, X-Requested-With","permissions-policy":"interest-cohort=()","etag":"W/\"f8a77091fb9744a38b2578aece0ddf73\"","cache-control":"max-age=0, private, must-revalidate","strict-transport-security":"max-age=31536000; includeSubdomains; preload","x-frame-options":"deny","x-content-type-options":"nosniff","x-xss-protection":"0","referrer-policy":"origin-when-cross-origin, strict-origin-when-cross-origin","expect-ct":"max-age=2592000, report-uri=\"https://api.github.com/_private/browser/errors\"","content-security-policy":"default-src 'none'; base-uri 'self'; block-all-mixed-content; child-src github.com/assets-cdn/worker/ gist.github.com/assets-cdn/worker/; connect-src 'self' uploads.github.com www.githubstatus.com collector.githubapp.com api.github.com github-cloud.s3.amazonaws.com github-production-repository-file-5c1aeb.s3.amazonaws.com github-production-upload-manifest-file-7fdce7.s3.amazonaws.com github-production-user-asset-6210df.s3.amazonaws.com cdn.optimizely.com logx.optimizely.com/v1/events translator.github.com wss://alive.github.com; font-src github.githubassets.com; form-action 'self' github.com gist.github.com; frame-ancestors 'none'; frame-src render.githubusercontent.com viewscreen.githubusercontent.com viewscreen-lab.githubusercontent.com; img-src 'self' data: github.githubassets.com identicons.github.com collector.githubapp.com github-cloud.s3.amazonaws.com secured-user-images.githubusercontent.com/ *.githubusercontent.com; manifest-src 'self'; media-src github.com user-images.githubusercontent.com/; script-src github.githubassets.com; style-src 'unsafe-inline' github.githubassets.com; worker-src github.com/assets-cdn/worker/ gist.github.com/assets-cdn/worker/ github.com/socket-worker-0af8a29d.js gist.github.com/socket-worker-0af8a29d.js","x-github-request-id":"CF29:24D8:76B06:1558E3:615D68B7"}
[debug] [2021-10-06T09:13:27.776Z] >>> [apiv2][query] GET https://api.github.com/user [none]
[debug] [2021-10-06T09:13:28.421Z] <<< [apiv2][status] GET https://api.github.com/user 200
[debug] [2021-10-06T09:13:28.422Z] <<< [apiv2][body] GET https://api.github.com/user {"login":"apurvapatwardhan","id":79297243,"node_id":"MDQ6VXNlcjc5Mjk3MjQz","avatar_url":"https://avatars.githubusercontent.com/u/79297243?v=4","gravatar_id":"","url":"https://api.github.com/users/apurvapatwardhan","html_url":"https://github.com/apurvapatwardhan","followers_url":"https://api.github.com/users/apurvapatwardhan/followers","following_url":"https://api.github.com/users/apurvapatwardhan/following{/other_user}","gists_url":"https://api.github.com/users/apurvapatwardhan/gists{/gist_id}","starred_url":"https://api.github.com/users/apurvapatwardhan/starred{/owner}{/repo}","subscriptions_url":"https://api.github.com/users/apurvapatwardhan/subscriptions","organizations_url":"https://api.github.com/users/apurvapatwardhan/orgs","repos_url":"https://api.github.com/users/apurvapatwardhan/repos","events_url":"https://api.github.com/users/apurvapatwardhan/events{/privacy}","received_events_url":"https://api.github.com/users/apurvapatwardhan/received_events","type":"User","site_admin":false,"name":null,"company":null,"blog":"","location":null,"email":null,"hireable":null,"bio":null,"twitter_username":null,"public_repos":9,"public_gists":0,"followers":0,"following":0,"created_at":"2021-02-19T04:16:47Z","updated_at":"2021-10-06T09:13:18Z","private_gists":0,"total_private_repos":0,"owned_private_repos":0,"disk_usage":1542,"collaborators":0,"two_factor_authentication":false,"plan":{"name":"free","space":976562499,"collaborators":0,"private_repos":10000}}
[info] 
[info] +  Success! Logged into GitHub as apurvapatwardhan 
[info] 
[debug] [2021-10-06T09:14:21.943Z] ----------------------------------------------------------------------
[debug] [2021-10-06T09:14:21.955Z] Command:       C:\Program Files\nodejs\node.exe C:\Users\APURVA\AppData\Roaming\npm\node_modules\firebase-tools\lib\bin\firebase.js init
[debug] [2021-10-06T09:14:21.957Z] CLI Version:   9.19.0
[debug] [2021-10-06T09:14:21.958Z] Platform:      win32
[debug] [2021-10-06T09:14:21.959Z] Node Version:  v14.15.4
[debug] [2021-10-06T09:14:21.964Z] Time:          Wed Oct 06 2021 14:44:21 GMT+0530 (India Standard Time)
[debug] [2021-10-06T09:14:21.965Z] ----------------------------------------------------------------------
[debug] 
[debug] [2021-10-06T09:14:22.002Z] > command requires scopes: ["email","openid","https://www.googleapis.com/auth/cloudplatformprojects.readonly","https://www.googleapis.com/auth/firebase","https://www.googleapis.com/auth/cloud-platform"]
[debug] [2021-10-06T09:14:22.004Z] > authorizing via signed-in user (avp2798@gmail.com)
[info] 
     ######## #### ########  ######## ########     ###     ######  ########
     ##        ##  ##     ## ##       ##     ##  ##   ##  ##       ##
     ######    ##  ########  ######   ########  #########  ######  ######
     ##        ##  ##    ##  ##       ##     ## ##     ##       ## ##
     ##       #### ##     ## ######## ########  ##     ##  ######  ########

You're about to initialize a Firebase project in this directory:

  E:\reactprojects\amazonclone

